  [1m[35m (461.0ms)[0m  [1m[35mCREATE TABLE `schema_migrations` (`version` varchar(255) PRIMARY KEY) ENGINE=InnoDB[0m
  [1m[35m (442.3ms)[0m  [1m[35mCREATE TABLE `ar_internal_metadata` (`key` varchar(255) PRIMARY KEY, `value` varchar(255), `created_at` datetime NOT NULL, `updated_at` datetime NOT NULL) ENGINE=InnoDB[0m
  [1m[35m (0.1ms)[0m  [1m[34mSELECT DATABASE() as db[0m
  [1m[35m (0.1ms)[0m  [1m[34mSELECT GET_LOCK('1999073259241716420', 0);[0m
  [1m[36mActiveRecord::SchemaMigration Load (12.4ms)[0m  [1m[34mSELECT `schema_migrations`.* FROM `schema_migrations`[0m
Migrating to CreatePosts (20161205081120)
  [1m[35m (380.4ms)[0m  [1m[35mCREATE TABLE `posts` (`id` int AUTO_INCREMENT PRIMARY KEY, `name` varchar(255), `desc` varchar(255), `created_at` datetime NOT NULL, `updated_at` datetime NOT NULL) ENGINE=InnoDB[0m
  [1m[35m (0.1ms)[0m  [1m[35mBEGIN[0m
  [1m[35mSQL (31.4ms)[0m  [1m[32mINSERT INTO `schema_migrations` (`version`) VALUES ('20161205081120')[0m
  [1m[35m (49.4ms)[0m  [1m[35mCOMMIT[0m
  [1m[36mActiveRecord::InternalMetadata Load (0.2ms)[0m  [1m[34mSELECT  `ar_internal_metadata`.* FROM `ar_internal_metadata` WHERE `ar_internal_metadata`.`key` = 'environment' LIMIT 1[0m
  [1m[35m (0.1ms)[0m  [1m[35mBEGIN[0m
  [1m[35mSQL (0.2ms)[0m  [1m[32mINSERT INTO `ar_internal_metadata` (`key`, `value`, `created_at`, `updated_at`) VALUES ('environment', 'development', '2016-12-05 08:11:28', '2016-12-05 08:11:28')[0m
  [1m[35m (50.3ms)[0m  [1m[35mCOMMIT[0m
  [1m[35m (0.2ms)[0m  [1m[34mSELECT RELEASE_LOCK('1999073259241716420')[0m
  [1m[36mActiveRecord::SchemaMigration Load (0.1ms)[0m  [1m[34mSELECT `schema_migrations`.* FROM `schema_migrations`[0m
  [1m[35m (0.1ms)[0m  [1m[35mSHOW CREATE TABLE `posts`[0m
  [1m[35m (0.3ms)[0m  [1m[35mSHOW TABLE STATUS LIKE 'posts'[0m
  [1m[35m (0.2ms)[0m  [1m[34mSELECT fk.referenced_table_name as 'to_table'
      ,fk.referenced_column_name as 'primary_key'
      ,fk.column_name as 'column'
      ,fk.constraint_name as 'name'
FROM information_schema.key_column_usage fk
WHERE fk.referenced_column_name is not null
  AND fk.table_schema = 'testapp_development'
  AND fk.table_name = 'posts'
[0m
Started GET "/" for 127.0.0.1 at 2016-12-05 13:41:46 +0530
  [1m[36mActiveRecord::SchemaMigration Load (0.2ms)[0m  [1m[34mSELECT `schema_migrations`.* FROM `schema_migrations`[0m
Processing by Rails::WelcomeController#index as HTML
  Parameters: {"internal"=>true}
  Rendering /home/ubuntu/.rvm/gems/ruby-2.3.0/gems/railties-5.0.0.1/lib/rails/templates/rails/welcome/index.html.erb
  Rendered /home/ubuntu/.rvm/gems/ruby-2.3.0/gems/railties-5.0.0.1/lib/rails/templates/rails/welcome/index.html.erb (11.8ms)
Completed 200 OK in 48ms (Views: 26.4ms | ActiveRecord: 0.0ms)


Started GET "/" for 127.0.0.1 at 2016-12-05 13:42:24 +0530
  [1m[36mActiveRecord::SchemaMigration Load (0.3ms)[0m  [1m[34mSELECT `schema_migrations`.* FROM `schema_migrations`[0m
Processing by PostsController#index as HTML
  Rendering posts/index.html.erb within layouts/application
  [1m[36mPost Load (0.2ms)[0m  [1m[34mSELECT `posts`.* FROM `posts`[0m
  Rendered posts/index.html.erb within layouts/application (23.7ms)
Completed 200 OK in 976ms (Views: 968.2ms | ActiveRecord: 0.5ms)


Started GET "/posts/new" for 127.0.0.1 at 2016-12-05 13:42:27 +0530
Processing by PostsController#new as HTML
  Rendering posts/new.html.erb within layouts/application
  Rendered posts/_form.html.erb (239.5ms)
  Rendered posts/new.html.erb within layouts/application (241.1ms)
Completed 200 OK in 290ms (Views: 277.2ms | ActiveRecord: 0.9ms)


Started POST "/posts" for 127.0.0.1 at 2016-12-05 13:42:29 +0530
Processing by PostsController#create as HTML
  Parameters: {"utf8"=>"✓", "authenticity_token"=>"srMyVTV70FGtVd9S83Pcy9N6FRf2x2RRjOW3lhsZrBLcpBv0lRYA6Brm6Xtry353Tl5Zq/YR9aQe2VR0WDpTJw==", "post"=>{"name"=>"sdfsd", "desc"=>"sdfsd"}, "commit"=>"Create Post"}
  [1m[35m (0.1ms)[0m  [1m[35mBEGIN[0m
  [1m[35mSQL (0.2ms)[0m  [1m[32mINSERT INTO `posts` (`name`, `desc`, `created_at`, `updated_at`) VALUES ('sdfsd', 'sdfsd', '2016-12-05 08:12:29', '2016-12-05 08:12:29')[0m
  [1m[35m (165.1ms)[0m  [1m[35mCOMMIT[0m
Redirected to http://localhost:3000/posts/1
Completed 302 Found in 170ms (ActiveRecord: 165.4ms)


Started GET "/posts/1" for 127.0.0.1 at 2016-12-05 13:42:30 +0530
Processing by PostsController#show as HTML
  Parameters: {"id"=>"1"}
  [1m[36mPost Load (0.3ms)[0m  [1m[34mSELECT  `posts`.* FROM `posts` WHERE `posts`.`id` = 1 LIMIT 1[0m
  Rendering posts/show.html.erb within layouts/application
  Rendered posts/show.html.erb within layouts/application (0.9ms)
Completed 200 OK in 46ms (Views: 17.2ms | ActiveRecord: 0.3ms)


Started GET "/posts" for 127.0.0.1 at 2016-12-05 13:42:31 +0530
Processing by PostsController#index as HTML
  Rendering posts/index.html.erb within layouts/application
  [1m[36mPost Load (0.5ms)[0m  [1m[34mSELECT `posts`.* FROM `posts`[0m
  Rendered posts/index.html.erb within layouts/application (4.2ms)
Completed 200 OK in 37ms (Views: 34.9ms | ActiveRecord: 0.5ms)


Started GET "/" for 127.0.0.1 at 2016-12-05 14:03:53 +0530
  [1m[36mActiveRecord::SchemaMigration Load (0.3ms)[0m  [1m[34mSELECT `schema_migrations`.* FROM `schema_migrations`[0m
Processing by PostsController#index as HTML
  Rendering posts/index.html.erb within layouts/application
  [1m[36mPost Load (0.3ms)[0m  [1m[34mSELECT `posts`.* FROM `posts`[0m
  Rendered posts/index.html.erb within layouts/application (26.2ms)
Completed 200 OK in 243ms (Views: 234.8ms | ActiveRecord: 1.1ms)


Started GET "/posts/new" for 127.0.0.1 at 2016-12-05 14:03:59 +0530
Processing by PostsController#new as HTML
  Rendering posts/new.html.erb within layouts/application
  Rendered posts/_form.html.erb (12.8ms)
  Rendered posts/new.html.erb within layouts/application (14.1ms)
Completed 200 OK in 56ms (Views: 54.3ms | ActiveRecord: 0.0ms)


Started POST "/posts" for 127.0.0.1 at 2016-12-05 14:04:02 +0530
Processing by PostsController#create as HTML
  Parameters: {"utf8"=>"✓", "authenticity_token"=>"emdjxwjv8nNRa/p6lS3SSOj8bocOxZ58xQR3hyux2mprXzA2X76pWA2JpFuRcTqY3szFd9/KjTz9L+kD6aORig==", "post"=>{"name"=>"dsfsdf", "desc"=>"sdfsdf"}, "commit"=>"Create Post"}
  [1m[35m (0.1ms)[0m  [1m[35mBEGIN[0m
  [1m[35mSQL (0.4ms)[0m  [1m[32mINSERT INTO `posts` (`name`, `desc`, `created_at`, `updated_at`) VALUES ('dsfsdf', 'sdfsdf', '2016-12-05 08:34:02', '2016-12-05 08:34:02')[0m
  [1m[35m (113.0ms)[0m  [1m[35mCOMMIT[0m
Redirected to http://localhost:3000/posts/2
Completed 302 Found in 119ms (ActiveRecord: 113.5ms)


Started GET "/posts/2" for 127.0.0.1 at 2016-12-05 14:04:02 +0530
Processing by PostsController#show as HTML
  Parameters: {"id"=>"2"}
  [1m[36mPost Load (94.2ms)[0m  [1m[34mSELECT  `posts`.* FROM `posts` WHERE `posts`.`id` = 2 LIMIT 1[0m
  Rendering posts/show.html.erb within layouts/application
  Rendered posts/show.html.erb within layouts/application (0.7ms)
Completed 200 OK in 115ms (Views: 15.4ms | ActiveRecord: 94.2ms)


Started GET "/posts" for 127.0.0.1 at 2016-12-05 14:06:17 +0530
Processing by PostsController#index as HTML
  Rendering posts/index.html.erb within layouts/application
  [1m[36mPost Load (0.4ms)[0m  [1m[34mSELECT `posts`.* FROM `posts`[0m
  Rendered posts/index.html.erb within layouts/application (3.0ms)
Completed 200 OK in 52ms (Views: 51.0ms | ActiveRecord: 0.4ms)


Started GET "/posts/new" for 127.0.0.1 at 2016-12-05 14:06:19 +0530
Processing by PostsController#new as HTML
  Rendering posts/new.html.erb within layouts/application
  Rendered posts/_form.html.erb (4.2ms)
  Rendered posts/new.html.erb within layouts/application (5.9ms)
Completed 200 OK in 44ms (Views: 42.4ms | ActiveRecord: 0.0ms)


Started POST "/posts" for 127.0.0.1 at 2016-12-05 14:06:28 +0530
Processing by PostsController#create as HTML
  Parameters: {"utf8"=>"✓", "authenticity_token"=>"+KCbGQ0sgI1r/wWes4wpIs54pVrIVvLUgnpYdkc/FSLpmMjoWn3bpjcdW7+30MHy+EgOqhlZ4ZS6UcbyhS1ewg==", "post"=>{"name"=>"sdfd", "desc"=>"sdfsdf"}, "commit"=>"Create Post"}
  [1m[35m (0.2ms)[0m  [1m[35mBEGIN[0m
  [1m[35mSQL (0.9ms)[0m  [1m[32mINSERT INTO `posts` (`name`, `desc`, `created_at`, `updated_at`) VALUES ('sdfd', 'sdfsdf', '2016-12-05 08:36:28', '2016-12-05 08:36:28')[0m
  [1m[35m (100.5ms)[0m  [1m[35mCOMMIT[0m
Redirected to http://localhost:3000/posts/3
Completed 302 Found in 109ms (ActiveRecord: 101.6ms)


Started GET "/posts/3" for 127.0.0.1 at 2016-12-05 14:06:28 +0530
Processing by PostsController#show as HTML
  Parameters: {"id"=>"3"}
  [1m[36mPost Load (0.3ms)[0m  [1m[34mSELECT  `posts`.* FROM `posts` WHERE `posts`.`id` = 3 LIMIT 1[0m
  Rendering posts/show.html.erb within layouts/application
  Rendered posts/show.html.erb within layouts/application (1.3ms)
Completed 200 OK in 28ms (Views: 26.8ms | ActiveRecord: 0.3ms)


Started GET "/" for 127.0.0.1 at 2016-12-27 18:23:59 +0530
  [1m[36mActiveRecord::SchemaMigration Load (371.9ms)[0m  [1m[34mSELECT `schema_migrations`.* FROM `schema_migrations`[0m
Processing by PostsController#index as HTML
  Rendering posts/index.html.erb within layouts/application
  [1m[36mPost Load (176.4ms)[0m  [1m[34mSELECT `posts`.* FROM `posts`[0m
  Rendered posts/index.html.erb within layouts/application (235.5ms)
Completed 200 OK in 500ms (Views: 255.3ms | ActiveRecord: 226.1ms)


Started GET "/posts/new" for 127.0.0.1 at 2016-12-27 18:24:04 +0530
Processing by PostsController#new as HTML
  Rendering posts/new.html.erb within layouts/application
  Rendered posts/_form.html.erb (63.1ms)
  Rendered posts/new.html.erb within layouts/application (64.3ms)
Completed 200 OK in 107ms (Views: 77.0ms | ActiveRecord: 0.0ms)


Started POST "/posts" for 127.0.0.1 at 2016-12-27 18:24:07 +0530
Processing by PostsController#create as HTML
  Parameters: {"utf8"=>"✓", "authenticity_token"=>"gTuwLLuTDXy6EbVELrw5n9V4+St4REU9C43T1F1BzyrLmLFGNFHN42gmRYtDfdGpBwv4Y7WPG/yzrMmq6RAILQ==", "post"=>{"name"=>"sfds", "desc"=>"sdfds"}, "commit"=>"Create Post"}
  [1m[35m (0.2ms)[0m  [1m[35mBEGIN[0m
  [1m[35mSQL (441.7ms)[0m  [1m[32mINSERT INTO `posts` (`name`, `desc`, `created_at`, `updated_at`) VALUES ('sfds', 'sdfds', '2016-12-27 12:54:07', '2016-12-27 12:54:07')[0m
  [1m[35m (216.3ms)[0m  [1m[35mCOMMIT[0m
Redirected to http://localhost:3000/posts/4
Completed 302 Found in 662ms (ActiveRecord: 658.1ms)


Started GET "/posts/4" for 127.0.0.1 at 2016-12-27 18:24:08 +0530
Processing by PostsController#show as HTML
  Parameters: {"id"=>"4"}
  [1m[36mPost Load (36.2ms)[0m  [1m[34mSELECT  `posts`.* FROM `posts` WHERE `posts`.`id` = 4 LIMIT 1[0m
  Rendering posts/show.html.erb within layouts/application
  Rendered posts/show.html.erb within layouts/application (0.7ms)
Completed 200 OK in 103ms (Views: 12.7ms | ActiveRecord: 36.2ms)


Started GET "/" for 127.0.0.1 at 2016-12-27 18:24:13 +0530
Processing by PostsController#index as HTML
  Rendering posts/index.html.erb within layouts/application
  [1m[36mPost Load (0.3ms)[0m  [1m[34mSELECT `posts`.* FROM `posts`[0m
  Rendered posts/index.html.erb within layouts/application (2.6ms)
Completed 200 OK in 24ms (Views: 23.2ms | ActiveRecord: 0.3ms)


